0 info it worked if it ends with ok
1 verbose cli [ '/usr/local/nvm/versions/node/v10.14.2/bin/node',
1 verbose cli   '/usr/local/nvm/versions/node/v10.14.2/bin/npm',
1 verbose cli   'start' ]
2 info using npm@6.4.1
3 info using node@v10.14.2
4 verbose config Skipping project config: /home/stevenscarson5/.npmrc. (matches userconfig)
5 verbose stack Error: missing script: start
5 verbose stack     at run (/usr/local/nvm/versions/node/v10.14.2/lib/node_modules/npm/lib/run-script.js:155:19)
5 verbose stack     at /usr/local/nvm/versions/node/v10.14.2/lib/node_modules/npm/lib/run-script.js:63:5
5 verbose stack     at /usr/local/nvm/versions/node/v10.14.2/lib/node_modules/npm/node_modules/read-package-json/read-json.js:115:5
5 verbose stack     at /usr/local/nvm/versions/node/v10.14.2/lib/node_modules/npm/node_modules/read-package-json/read-json.js:418:5
5 verbose stack     at checkBinReferences_ (/usr/local/nvm/versions/node/v10.14.2/lib/node_modules/npm/node_modules/read-package-json/read-json.js:373:45)
5 verbose stack     at final (/usr/local/nvm/versions/node/v10.14.2/lib/node_modules/npm/node_modules/read-package-json/read-json.js:416:3)
5 verbose stack     at then (/usr/local/nvm/versions/node/v10.14.2/lib/node_modules/npm/node_modules/read-package-json/read-json.js:160:5)
5 verbose stack     at /usr/local/nvm/versions/node/v10.14.2/lib/node_modules/npm/node_modules/read-package-json/read-json.js:364:12
5 verbose stack     at /usr/local/nvm/versions/node/v10.14.2/lib/node_modules/npm/node_modules/graceful-fs/graceful-fs.js:78:16
5 verbose stack     at FSReqWrap.readFileAfterClose [as oncomplete] (internal/fs/read_file_context.js:53:3)
6 verbose cwd /home/stevenscarson5
7 verbose Linux 4.19.112+
8 verbose argv "/usr/local/nvm/versions/node/v10.14.2/bin/node" "/usr/local/nvm/versions/node/v10.14.2/bin/npm" "start"
9 verbose node v10.14.2
10 verbose npm  v6.4.1
11 error missing script: start
12 verbose exit [ 1, true ]
